<?xml version="1.0" encoding="UTF-8"?>
<testng-results ignored="0" total="11" passed="8" failed="3" skipped="0">
  <reporter-output>
  </reporter-output>
  <suite started-at="2024-07-07T19:33:56 CEST" name="Suite" finished-at="2024-07-07T19:34:19 CEST" duration-ms="23316">
    <groups>
      <group name="cucumber">
        <method signature="AbstractTestNGCucumberTests.runScenario(io.cucumber.testng.PickleWrapper,io.cucumber.testng.FeatureWrapper)[pri:0, instance:Runner.TestRunner@1807e3f6]" name="runScenario" class="io.cucumber.testng.AbstractTestNGCucumberTests"/>
      </group> <!-- cucumber -->
    </groups>
    <test started-at="2024-07-07T19:33:56 CEST" name="Test" finished-at="2024-07-07T19:34:19 CEST" duration-ms="23316">
      <class name="Runner.TestRunner">
        <test-method is-config="true" signature="setUpClass(org.testng.ITestContext)[pri:0, instance:Runner.TestRunner@1807e3f6]" started-at="2024-07-07T19:33:56 CEST" name="setUpClass" finished-at="2024-07-07T19:33:57 CEST" duration-ms="1141" status="PASS">
          <params>
            <param index="0">
              <value>
                <![CDATA[org.testng.TestRunner@2d9caaeb]]>
              </value>
            </param>
          </params>
          <reporter-output>
          </reporter-output>
        </test-method> <!-- setUpClass -->
        <test-method signature="runScenario(io.cucumber.testng.PickleWrapper,io.cucumber.testng.FeatureWrapper)[pri:0, instance:Runner.TestRunner@1807e3f6]" started-at="2024-07-07T19:33:57 CEST" name="runScenario" description="Runs Cucumber Scenarios" data-provider="scenarios" finished-at="2024-07-07T19:34:08 CEST" duration-ms="11346" status="PASS">
          <params>
            <param index="0">
              <value>
                <![CDATA["Successful registration with valid credentials"]]>
              </value>
            </param>
            <param index="1">
              <value>
                <![CDATA["Registration Functionality for nopCommerce site"]]>
              </value>
            </param>
          </params>
          <reporter-output>
          </reporter-output>
        </test-method> <!-- runScenario -->
        <test-method signature="runScenario(io.cucumber.testng.PickleWrapper,io.cucumber.testng.FeatureWrapper)[pri:0, instance:Runner.TestRunner@1807e3f6]" started-at="2024-07-07T19:33:57 CEST" name="runScenario" description="Runs Cucumber Scenarios" data-provider="scenarios" finished-at="2024-07-07T19:34:06 CEST" duration-ms="9484" status="PASS">
          <params>
            <param index="0">
              <value>
                <![CDATA["Positive test for search functionality"]]>
              </value>
            </param>
            <param index="1">
              <value>
                <![CDATA["Welcome to Store Functionality"]]>
              </value>
            </param>
          </params>
          <reporter-output>
          </reporter-output>
        </test-method> <!-- runScenario -->
        <test-method signature="runScenario(io.cucumber.testng.PickleWrapper,io.cucumber.testng.FeatureWrapper)[pri:0, instance:Runner.TestRunner@1807e3f6]" started-at="2024-07-07T19:33:57 CEST" name="runScenario" description="Runs Cucumber Scenarios" data-provider="scenarios" finished-at="2024-07-07T19:34:06 CEST" duration-ms="9377" status="PASS">
          <params>
            <param index="0">
              <value>
                <![CDATA["Add to Cart"]]>
              </value>
            </param>
            <param index="1">
              <value>
                <![CDATA["Desktop Functionality for nopCommerce site"]]>
              </value>
            </param>
          </params>
          <reporter-output>
          </reporter-output>
        </test-method> <!-- runScenario -->
        <test-method signature="runScenario(io.cucumber.testng.PickleWrapper,io.cucumber.testng.FeatureWrapper)[pri:0, instance:Runner.TestRunner@1807e3f6]" started-at="2024-07-07T19:33:57 CEST" name="runScenario" description="Runs Cucumber Scenarios" data-provider="scenarios" finished-at="2024-07-07T19:34:08 CEST" duration-ms="11579" status="PASS">
          <params>
            <param index="0">
              <value>
                <![CDATA["Successful registration with valid credentials"]]>
              </value>
            </param>
            <param index="1">
              <value>
                <![CDATA["Registration Functionality for nopCommerce site"]]>
              </value>
            </param>
          </params>
          <reporter-output>
          </reporter-output>
        </test-method> <!-- runScenario -->
        <test-method signature="runScenario(io.cucumber.testng.PickleWrapper,io.cucumber.testng.FeatureWrapper)[pri:0, instance:Runner.TestRunner@1807e3f6]" started-at="2024-07-07T19:33:57 CEST" name="runScenario" description="Runs Cucumber Scenarios" data-provider="scenarios" finished-at="2024-07-07T19:34:13 CEST" duration-ms="15765" status="FAIL">
          <params>
            <param index="0">
              <value>
                <![CDATA["Login with correct credentials"]]>
              </value>
            </param>
            <param index="1">
              <value>
                <![CDATA["Login Functionality for nopCommerce site"]]>
              </value>
            </param>
          </params>
          <exception class="org.junit.ComparisonFailure">
            <message>
              <![CDATA[expected:<...emo.nopcommerce.com/[login?returnurl=%2F]> but was:<...emo.nopcommerce.com/[desktops]>]]>
            </message>
            <full-stacktrace>
              <![CDATA[org.junit.ComparisonFailure: expected:<...emo.nopcommerce.com/[login?returnurl=%2F]> but was:<...emo.nopcommerce.com/[desktops]>
at org.junit.Assert.assertEquals(Assert.java:117)
at org.junit.Assert.assertEquals(Assert.java:146)
at stepdefinations.LoginStepDefination.user_should_successfully_login_to_store(LoginStepDefination.java:65)
at ✽.User should successfully login to store(file:///D:/Selenium/Framework/CucumberTestNGFramework/src/test/Resources/Features/Login.feature:13)
]]>
            </full-stacktrace>
          </exception> <!-- org.junit.ComparisonFailure -->
          <reporter-output>
          </reporter-output>
        </test-method> <!-- runScenario -->
        <test-method signature="runScenario(io.cucumber.testng.PickleWrapper,io.cucumber.testng.FeatureWrapper)[pri:0, instance:Runner.TestRunner@1807e3f6]" started-at="2024-07-07T19:34:06 CEST" name="runScenario" description="Runs Cucumber Scenarios" data-provider="scenarios" finished-at="2024-07-07T19:34:12 CEST" duration-ms="6217" status="PASS">
          <params>
            <param index="0">
              <value>
                <![CDATA["Navigating to different options pages"]]>
              </value>
            </param>
            <param index="1">
              <value>
                <![CDATA["Welcome to Store Functionality"]]>
              </value>
            </param>
          </params>
          <reporter-output>
          </reporter-output>
        </test-method> <!-- runScenario -->
        <test-method signature="runScenario(io.cucumber.testng.PickleWrapper,io.cucumber.testng.FeatureWrapper)[pri:0, instance:Runner.TestRunner@1807e3f6]" started-at="2024-07-07T19:34:06 CEST" name="runScenario" description="Runs Cucumber Scenarios" data-provider="scenarios" finished-at="2024-07-07T19:34:13 CEST" duration-ms="6587" status="PASS">
          <params>
            <param index="0">
              <value>
                <![CDATA["Navigating to different options pages"]]>
              </value>
            </param>
            <param index="1">
              <value>
                <![CDATA["Welcome to Store Functionality"]]>
              </value>
            </param>
          </params>
          <reporter-output>
          </reporter-output>
        </test-method> <!-- runScenario -->
        <test-method signature="runScenario(io.cucumber.testng.PickleWrapper,io.cucumber.testng.FeatureWrapper)[pri:0, instance:Runner.TestRunner@1807e3f6]" started-at="2024-07-07T19:34:08 CEST" name="runScenario" description="Runs Cucumber Scenarios" data-provider="scenarios" finished-at="2024-07-07T19:34:14 CEST" duration-ms="6127" status="PASS">
          <params>
            <param index="0">
              <value>
                <![CDATA["Navigating to different options pages"]]>
              </value>
            </param>
            <param index="1">
              <value>
                <![CDATA["Welcome to Store Functionality"]]>
              </value>
            </param>
          </params>
          <reporter-output>
          </reporter-output>
        </test-method> <!-- runScenario -->
        <test-method signature="runScenario(io.cucumber.testng.PickleWrapper,io.cucumber.testng.FeatureWrapper)[pri:0, instance:Runner.TestRunner@1807e3f6]" started-at="2024-07-07T19:34:08 CEST" name="runScenario" description="Runs Cucumber Scenarios" data-provider="scenarios" finished-at="2024-07-07T19:34:15 CEST" duration-ms="6099" status="FAIL">
          <params>
            <param index="0">
              <value>
                <![CDATA["Navigating to different options pages"]]>
              </value>
            </param>
            <param index="1">
              <value>
                <![CDATA["Welcome to Store Functionality"]]>
              </value>
            </param>
          </params>
          <exception class="java.lang.AssertionError">
            <message>
              <![CDATA[expected [true] but found [false]]]>
            </message>
            <full-stacktrace>
              <![CDATA[java.lang.AssertionError: expected [true] but found [false]
at org.testng.Assert.fail(Assert.java:111)
at org.testng.Assert.failNotEquals(Assert.java:1578)
at org.testng.Assert.assertTrue(Assert.java:57)
at org.testng.Assert.assertTrue(Assert.java:67)
at stepdefinations.WelcomeStoreStepDef.i_see_visible_options_option(WelcomeStoreStepDef.java:36)
at ✽.I see visible options under Electronics option(file:///D:/Selenium/Framework/CucumberTestNGFramework/src/test/Resources/Features/WelcomeToStore.feature:14)
]]>
            </full-stacktrace>
          </exception> <!-- java.lang.AssertionError -->
          <reporter-output>
          </reporter-output>
        </test-method> <!-- runScenario -->
        <test-method signature="runScenario(io.cucumber.testng.PickleWrapper,io.cucumber.testng.FeatureWrapper)[pri:0, instance:Runner.TestRunner@1807e3f6]" started-at="2024-07-07T19:34:12 CEST" name="runScenario" description="Runs Cucumber Scenarios" data-provider="scenarios" finished-at="2024-07-07T19:34:19 CEST" duration-ms="6407" status="PASS">
          <params>
            <param index="0">
              <value>
                <![CDATA["Navigating to different options pages"]]>
              </value>
            </param>
            <param index="1">
              <value>
                <![CDATA["Welcome to Store Functionality"]]>
              </value>
            </param>
          </params>
          <reporter-output>
          </reporter-output>
        </test-method> <!-- runScenario -->
        <test-method signature="runScenario(io.cucumber.testng.PickleWrapper,io.cucumber.testng.FeatureWrapper)[pri:0, instance:Runner.TestRunner@1807e3f6]" started-at="2024-07-07T19:34:13 CEST" name="runScenario" description="Runs Cucumber Scenarios" data-provider="scenarios" finished-at="2024-07-07T19:34:17 CEST" duration-ms="4116" status="FAIL">
          <params>
            <param index="0">
              <value>
                <![CDATA["Navigating to different options pages"]]>
              </value>
            </param>
            <param index="1">
              <value>
                <![CDATA["Welcome to Store Functionality"]]>
              </value>
            </param>
          </params>
          <exception class="java.lang.AssertionError">
            <message>
              <![CDATA[expected [true] but found [false]]]>
            </message>
            <full-stacktrace>
              <![CDATA[java.lang.AssertionError: expected [true] but found [false]
at org.testng.Assert.fail(Assert.java:111)
at org.testng.Assert.failNotEquals(Assert.java:1578)
at org.testng.Assert.assertTrue(Assert.java:57)
at org.testng.Assert.assertTrue(Assert.java:67)
at stepdefinations.WelcomeStoreStepDef.i_see_visible_options_option(WelcomeStoreStepDef.java:36)
at ✽.I see visible options under Electronics option(file:///D:/Selenium/Framework/CucumberTestNGFramework/src/test/Resources/Features/WelcomeToStore.feature:14)
]]>
            </full-stacktrace>
          </exception> <!-- java.lang.AssertionError -->
          <reporter-output>
          </reporter-output>
        </test-method> <!-- runScenario -->
        <test-method is-config="true" signature="tearDownClass()[pri:0, instance:Runner.TestRunner@1807e3f6]" started-at="2024-07-07T19:34:19 CEST" name="tearDownClass" finished-at="2024-07-07T19:34:19 CEST" duration-ms="102" status="PASS">
          <reporter-output>
          </reporter-output>
        </test-method> <!-- tearDownClass -->
      </class> <!-- Runner.TestRunner -->
    </test> <!-- Test -->
  </suite> <!-- Suite -->
</testng-results>
